1774008797.771229 client started (4243): version 3.6, socket /private/tmp/tmux-501/default, protocol 8
1774008797.771335 on Darwin 22.6.0 Darwin Kernel Version 22.6.0: Tue Jul 15 08:22:28 PDT 2025; root:xnu-8796.141.3.713.2~2/RELEASE_X86_64
1774008797.771362 using libevent 2.1.12-stable select
1774008797.771378 using utf8proc 2.11.1
1774008797.771391 using ncurses 6.5 20240427
1774008797.771430 flags are 0x10010000
1774008797.771445 socket is /private/tmp/tmux-501/default
1774008797.771463 trying connect
1774008797.771514 add peer 0x600001e840d0: 6 (0x0)
1774008797.773669 sending message 111 to peer 0x600001e840d0 (8 bytes)
1774008797.773698 sending message 111 to peer 0x600001e840d0 (8 bytes)
1774008797.773707 sending message 101 to peer 0x600001e840d0 (15 bytes)
1774008797.773715 sending message 109 to peer 0x600001e840d0 (4 bytes)
1774008797.773722 sending message 102 to peer 0x600001e840d0 (13 bytes)
1774008797.773728 sending message 108 to peer 0x600001e840d0 (37 bytes)
1774008797.773735 sending message 112 to peer 0x600001e840d0 (58 bytes)
1774008797.773742 sending message 112 to peer 0x600001e840d0 (5 bytes)
1774008797.773749 sending message 112 to peer 0x600001e840d0 (5 bytes)
1774008797.773755 sending message 112 to peer 0x600001e840d0 (6 bytes)
1774008797.773762 sending message 112 to peer 0x600001e840d0 (6 bytes)
1774008797.773769 sending message 112 to peer 0x600001e840d0 (11 bytes)
1774008797.773775 sending message 112 to peer 0x600001e840d0 (10 bytes)
1774008797.773782 sending message 112 to peer 0x600001e840d0 (13 bytes)
1774008797.773789 sending message 112 to peer 0x600001e840d0 (14 bytes)
1774008797.773796 sending message 112 to peer 0x600001e840d0 (19 bytes)
1774008797.773802 sending message 112 to peer 0x600001e840d0 (11 bytes)
1774008797.773809 sending message 112 to peer 0x600001e840d0 (10 bytes)
1774008797.773816 sending message 112 to peer 0x600001e840d0 (15 bytes)
1774008797.773822 sending message 112 to peer 0x600001e840d0 (21 bytes)
1774008797.773829 sending message 112 to peer 0x600001e840d0 (13 bytes)
1774008797.773836 sending message 112 to peer 0x600001e840d0 (7 bytes)
1774008797.773842 sending message 112 to peer 0x600001e840d0 (13 bytes)
1774008797.773849 sending message 112 to peer 0x600001e840d0 (7 bytes)
1774008797.773856 sending message 112 to peer 0x600001e840d0 (13 bytes)
1774008797.773863 sending message 112 to peer 0x600001e840d0 (9 bytes)
1774008797.773869 sending message 112 to peer 0x600001e840d0 (21 bytes)
1774008797.773876 sending message 112 to peer 0x600001e840d0 (13 bytes)
1774008797.773883 sending message 112 to peer 0x600001e840d0 (9 bytes)
1774008797.773889 sending message 112 to peer 0x600001e840d0 (16 bytes)
1774008797.773896 sending message 112 to peer 0x600001e840d0 (13 bytes)
1774008797.773903 sending message 112 to peer 0x600001e840d0 (9 bytes)
1774008797.773910 sending message 112 to peer 0x600001e840d0 (9 bytes)
1774008797.773916 sending message 112 to peer 0x600001e840d0 (12 bytes)
1774008797.773923 sending message 112 to peer 0x600001e840d0 (8 bytes)
1774008797.773930 sending message 112 to peer 0x600001e840d0 (8 bytes)
1774008797.773936 sending message 112 to peer 0x600001e840d0 (13 bytes)
1774008797.773943 sending message 112 to peer 0x600001e840d0 (7 bytes)
1774008797.773950 sending message 112 to peer 0x600001e840d0 (7 bytes)
1774008797.773956 sending message 112 to peer 0x600001e840d0 (9 bytes)
1774008797.773963 sending message 112 to peer 0x600001e840d0 (9 bytes)
1774008797.773970 sending message 112 to peer 0x600001e840d0 (15 bytes)
1774008797.773977 sending message 112 to peer 0x600001e840d0 (13 bytes)
1774008797.773983 sending message 112 to peer 0x600001e840d0 (12 bytes)
1774008797.773990 sending message 112 to peer 0x600001e840d0 (8 bytes)
1774008797.773997 sending message 112 to peer 0x600001e840d0 (14 bytes)
1774008797.774004 sending message 112 to peer 0x600001e840d0 (11 bytes)
1774008797.774010 sending message 112 to peer 0x600001e840d0 (9 bytes)
1774008797.774017 sending message 112 to peer 0x600001e840d0 (10 bytes)
1774008797.774024 sending message 112 to peer 0x600001e840d0 (10 bytes)
1774008797.774044 sending message 112 to peer 0x600001e840d0 (10 bytes)
1774008797.774049 sending message 112 to peer 0x600001e840d0 (10 bytes)
1774008797.774054 sending message 112 to peer 0x600001e840d0 (11 bytes)
1774008797.774059 sending message 112 to peer 0x600001e840d0 (12 bytes)
1774008797.774064 sending message 112 to peer 0x600001e840d0 (12 bytes)
1774008797.774068 sending message 112 to peer 0x600001e840d0 (12 bytes)
1774008797.774073 sending message 112 to peer 0x600001e840d0 (12 bytes)
1774008797.774078 sending message 112 to peer 0x600001e840d0 (12 bytes)
1774008797.774083 sending message 112 to peer 0x600001e840d0 (11 bytes)
1774008797.774087 sending message 112 to peer 0x600001e840d0 (11 bytes)
1774008797.774092 sending message 112 to peer 0x600001e840d0 (12 bytes)
1774008797.774097 sending message 112 to peer 0x600001e840d0 (12 bytes)
1774008797.774101 sending message 112 to peer 0x600001e840d0 (12 bytes)
1774008797.774106 sending message 112 to peer 0x600001e840d0 (12 bytes)
1774008797.774111 sending message 112 to peer 0x600001e840d0 (12 bytes)
1774008797.774116 sending message 112 to peer 0x600001e840d0 (9 bytes)
1774008797.774120 sending message 112 to peer 0x600001e840d0 (12 bytes)
1774008797.774125 sending message 112 to peer 0x600001e840d0 (13 bytes)
1774008797.774130 sending message 112 to peer 0x600001e840d0 (13 bytes)
1774008797.774134 sending message 112 to peer 0x600001e840d0 (13 bytes)
1774008797.774139 sending message 112 to peer 0x600001e840d0 (13 bytes)
1774008797.774144 sending message 112 to peer 0x600001e840d0 (13 bytes)
1774008797.774149 sending message 112 to peer 0x600001e840d0 (8 bytes)
1774008797.774153 sending message 112 to peer 0x600001e840d0 (11 bytes)
1774008797.774158 sending message 112 to peer 0x600001e840d0 (11 bytes)
1774008797.774163 sending message 112 to peer 0x600001e840d0 (11 bytes)
1774008797.774167 sending message 112 to peer 0x600001e840d0 (12 bytes)
1774008797.774172 sending message 112 to peer 0x600001e840d0 (12 bytes)
1774008797.774177 sending message 112 to peer 0x600001e840d0 (12 bytes)
1774008797.774181 sending message 112 to peer 0x600001e840d0 (12 bytes)
1774008797.774186 sending message 112 to peer 0x600001e840d0 (13 bytes)
1774008797.774191 sending message 112 to peer 0x600001e840d0 (13 bytes)
1774008797.774195 sending message 112 to peer 0x600001e840d0 (13 bytes)
1774008797.774200 sending message 112 to peer 0x600001e840d0 (8 bytes)
1774008797.774205 sending message 112 to peer 0x600001e840d0 (13 bytes)
1774008797.774209 sending message 112 to peer 0x600001e840d0 (13 bytes)
1774008797.774214 sending message 112 to peer 0x600001e840d0 (13 bytes)
1774008797.774219 sending message 112 to peer 0x600001e840d0 (13 bytes)
1774008797.774223 sending message 112 to peer 0x600001e840d0 (13 bytes)
1774008797.774228 sending message 112 to peer 0x600001e840d0 (12 bytes)
1774008797.774233 sending message 112 to peer 0x600001e840d0 (12 bytes)
1774008797.774238 sending message 112 to peer 0x600001e840d0 (12 bytes)
1774008797.774242 sending message 112 to peer 0x600001e840d0 (12 bytes)
1774008797.774247 sending message 112 to peer 0x600001e840d0 (13 bytes)
1774008797.774252 sending message 112 to peer 0x600001e840d0 (8 bytes)
1774008797.774256 sending message 112 to peer 0x600001e840d0 (13 bytes)
1774008797.774261 sending message 112 to peer 0x600001e840d0 (13 bytes)
1774008797.774266 sending message 112 to peer 0x600001e840d0 (13 bytes)
1774008797.774270 sending message 112 to peer 0x600001e840d0 (13 bytes)
1774008797.774275 sending message 112 to peer 0x600001e840d0 (13 bytes)
1774008797.774280 sending message 112 to peer 0x600001e840d0 (13 bytes)
1774008797.774285 sending message 112 to peer 0x600001e840d0 (13 bytes)
1774008797.774289 sending message 112 to peer 0x600001e840d0 (12 bytes)
1774008797.774294 sending message 112 to peer 0x600001e840d0 (12 bytes)
1774008797.774298 sending message 112 to peer 0x600001e840d0 (12 bytes)
1774008797.774303 sending message 112 to peer 0x600001e840d0 (8 bytes)
1774008797.774308 sending message 112 to peer 0x600001e840d0 (12 bytes)
1774008797.774322 sending message 112 to peer 0x600001e840d0 (13 bytes)
1774008797.774327 sending message 112 to peer 0x600001e840d0 (13 bytes)
1774008797.774332 sending message 112 to peer 0x600001e840d0 (13 bytes)
1774008797.774336 sending message 112 to peer 0x600001e840d0 (13 bytes)
1774008797.774341 sending message 112 to peer 0x600001e840d0 (13 bytes)
1774008797.774346 sending message 112 to peer 0x600001e840d0 (13 bytes)
1774008797.774351 sending message 112 to peer 0x600001e840d0 (13 bytes)
1774008797.774355 sending message 112 to peer 0x600001e840d0 (13 bytes)
1774008797.774360 sending message 112 to peer 0x600001e840d0 (12 bytes)
1774008797.774367 sending message 112 to peer 0x600001e840d0 (10 bytes)
1774008797.774372 sending message 112 to peer 0x600001e840d0 (12 bytes)
1774008797.774377 sending message 112 to peer 0x600001e840d0 (12 bytes)
1774008797.774382 sending message 112 to peer 0x600001e840d0 (12 bytes)
1774008797.774387 sending message 112 to peer 0x600001e840d0 (13 bytes)
1774008797.774391 sending message 112 to peer 0x600001e840d0 (13 bytes)
1774008797.774396 sending message 112 to peer 0x600001e840d0 (13 bytes)
1774008797.774401 sending message 112 to peer 0x600001e840d0 (13 bytes)
1774008797.774405 sending message 112 to peer 0x600001e840d0 (13 bytes)
1774008797.774410 sending message 112 to peer 0x600001e840d0 (13 bytes)
1774008797.774415 sending message 112 to peer 0x600001e840d0 (13 bytes)
1774008797.774419 sending message 112 to peer 0x600001e840d0 (10 bytes)
1774008797.774424 sending message 112 to peer 0x600001e840d0 (13 bytes)
1774008797.774429 sending message 112 to peer 0x600001e840d0 (12 bytes)
1774008797.774433 sending message 112 to peer 0x600001e840d0 (12 bytes)
1774008797.774438 sending message 112 to peer 0x600001e840d0 (12 bytes)
1774008797.774443 sending message 112 to peer 0x600001e840d0 (10 bytes)
1774008797.774447 sending message 112 to peer 0x600001e840d0 (10 bytes)
1774008797.774452 sending message 112 to peer 0x600001e840d0 (10 bytes)
1774008797.774457 sending message 112 to peer 0x600001e840d0 (12 bytes)
1774008797.774461 sending message 112 to peer 0x600001e840d0 (13 bytes)
1774008797.774466 sending message 112 to peer 0x600001e840d0 (13 bytes)
1774008797.774471 sending message 112 to peer 0x600001e840d0 (13 bytes)
1774008797.774475 sending message 112 to peer 0x600001e840d0 (13 bytes)
1774008797.774480 sending message 112 to peer 0x600001e840d0 (13 bytes)
1774008797.774485 sending message 112 to peer 0x600001e840d0 (10 bytes)
1774008797.774489 sending message 112 to peer 0x600001e840d0 (11 bytes)
1774008797.774494 sending message 112 to peer 0x600001e840d0 (12 bytes)
1774008797.774499 sending message 112 to peer 0x600001e840d0 (12 bytes)
1774008797.774503 sending message 112 to peer 0x600001e840d0 (12 bytes)
1774008797.774508 sending message 112 to peer 0x600001e840d0 (12 bytes)
1774008797.774513 sending message 112 to peer 0x600001e840d0 (12 bytes)
1774008797.774517 sending message 112 to peer 0x600001e840d0 (11 bytes)
1774008797.774522 sending message 112 to peer 0x600001e840d0 (12 bytes)
1774008797.774527 sending message 112 to peer 0x600001e840d0 (12 bytes)
1774008797.774531 sending message 112 to peer 0x600001e840d0 (13 bytes)
1774008797.774536 sending message 112 to peer 0x600001e840d0 (13 bytes)
1774008797.774541 sending message 112 to peer 0x600001e840d0 (13 bytes)
1774008797.774546 sending message 112 to peer 0x600001e840d0 (13 bytes)
1774008797.774550 sending message 112 to peer 0x600001e840d0 (13 bytes)
1774008797.774555 sending message 112 to peer 0x600001e840d0 (10 bytes)
1774008797.774560 sending message 112 to peer 0x600001e840d0 (9 bytes)
1774008797.774564 sending message 112 to peer 0x600001e840d0 (12 bytes)
1774008797.774569 sending message 112 to peer 0x600001e840d0 (13 bytes)
1774008797.774574 sending message 112 to peer 0x600001e840d0 (13 bytes)
1774008797.774578 sending message 112 to peer 0x600001e840d0 (13 bytes)
1774008797.774583 sending message 112 to peer 0x600001e840d0 (13 bytes)
1774008797.774588 sending message 112 to peer 0x600001e840d0 (13 bytes)
1774008797.774600 sending message 112 to peer 0x600001e840d0 (9 bytes)
1774008797.774605 sending message 112 to peer 0x600001e840d0 (12 bytes)
1774008797.774610 sending message 112 to peer 0x600001e840d0 (13 bytes)
1774008797.774614 sending message 112 to peer 0x600001e840d0 (13 bytes)
1774008797.774619 sending message 112 to peer 0x600001e840d0 (13 bytes)
1774008797.774624 sending message 112 to peer 0x600001e840d0 (13 bytes)
1774008797.774628 sending message 112 to peer 0x600001e840d0 (13 bytes)
1774008797.774633 sending message 112 to peer 0x600001e840d0 (11 bytes)
1774008797.774638 sending message 112 to peer 0x600001e840d0 (12 bytes)
1774008797.774642 sending message 112 to peer 0x600001e840d0 (13 bytes)
1774008797.774647 sending message 112 to peer 0x600001e840d0 (13 bytes)
1774008797.774652 sending message 112 to peer 0x600001e840d0 (13 bytes)
1774008797.774657 sending message 112 to peer 0x600001e840d0 (13 bytes)
1774008797.774661 sending message 112 to peer 0x600001e840d0 (13 bytes)
1774008797.774666 sending message 112 to peer 0x600001e840d0 (11 bytes)
1774008797.774671 sending message 112 to peer 0x600001e840d0 (12 bytes)
1774008797.774677 sending message 112 to peer 0x600001e840d0 (12 bytes)
1774008797.774682 sending message 112 to peer 0x600001e840d0 (12 bytes)
1774008797.774687 sending message 112 to peer 0x600001e840d0 (12 bytes)
1774008797.774692 sending message 112 to peer 0x600001e840d0 (12 bytes)
1774008797.774696 sending message 112 to peer 0x600001e840d0 (21 bytes)
1774008797.774701 sending message 112 to peer 0x600001e840d0 (12 bytes)
1774008797.774706 sending message 112 to peer 0x600001e840d0 (9 bytes)
1774008797.774711 sending message 112 to peer 0x600001e840d0 (6 bytes)
1774008797.774715 sending message 112 to peer 0x600001e840d0 (13 bytes)
1774008797.774720 sending message 112 to peer 0x600001e840d0 (10 bytes)
1774008797.774725 sending message 112 to peer 0x600001e840d0 (24 bytes)
1774008797.774729 sending message 112 to peer 0x600001e840d0 (13 bytes)
1774008797.774734 sending message 112 to peer 0x600001e840d0 (9 bytes)
1774008797.774739 sending message 112 to peer 0x600001e840d0 (70 bytes)
1774008797.774744 sending message 112 to peer 0x600001e840d0 (69 bytes)
1774008797.774748 sending message 112 to peer 0x600001e840d0 (12 bytes)
1774008797.774753 sending message 112 to peer 0x600001e840d0 (10 bytes)
1774008797.774758 sending message 112 to peer 0x600001e840d0 (10 bytes)
1774008797.774762 sending message 112 to peer 0x600001e840d0 (24 bytes)
1774008797.774767 sending message 112 to peer 0x600001e840d0 (13 bytes)
1774008797.774772 sending message 112 to peer 0x600001e840d0 (10 bytes)
1774008797.774776 sending message 112 to peer 0x600001e840d0 (10 bytes)
1774008797.774781 sending message 112 to peer 0x600001e840d0 (10 bytes)
1774008797.774786 sending message 112 to peer 0x600001e840d0 (13 bytes)
1774008797.774790 sending message 112 to peer 0x600001e840d0 (15 bytes)
1774008797.774795 sending message 112 to peer 0x600001e840d0 (5 bytes)
1774008797.774801 sending message 104 to peer 0x600001e840d0 (0 bytes)
1774008797.774807 sending message 110 to peer 0x600001e840d0 (0 bytes)
1774008797.774812 sending message 107 to peer 0x600001e840d0 (4 bytes)
1774008797.774816 sending message 105 to peer 0x600001e840d0 (29 bytes)
1774008797.774821 sending message 105 to peer 0x600001e840d0 (8 bytes)
1774008797.774826 sending message 105 to peer 0x600001e840d0 (21 bytes)
1774008797.774831 sending message 105 to peer 0x600001e840d0 (57 bytes)
1774008797.774838 sending message 105 to peer 0x600001e840d0 (20 bytes)
1774008797.774846 sending message 105 to peer 0x600001e840d0 (21 bytes)
1774008797.774854 sending message 105 to peer 0x600001e840d0 (14 bytes)
1774008797.774861 sending message 105 to peer 0x600001e840d0 (43 bytes)
1774008797.774883 sending message 105 to peer 0x600001e840d0 (38 bytes)
1774008797.774893 sending message 105 to peer 0x600001e840d0 (93 bytes)
1774008797.774900 sending message 105 to peer 0x600001e840d0 (95 bytes)
1774008797.774908 sending message 105 to peer 0x600001e840d0 (154 bytes)
1774008797.774931 sending message 105 to peer 0x600001e840d0 (838 bytes)
1774008797.774941 sending message 105 to peer 0x600001e840d0 (57 bytes)
1774008797.774947 sending message 105 to peer 0x600001e840d0 (67 bytes)
1774008797.774956 sending message 105 to peer 0x600001e840d0 (25 bytes)
1774008797.774961 sending message 105 to peer 0x600001e840d0 (74 bytes)
1774008797.774968 sending message 105 to peer 0x600001e840d0 (43 bytes)
1774008797.774977 sending message 105 to peer 0x600001e840d0 (31 bytes)
1774008797.774983 sending message 105 to peer 0x600001e840d0 (21 bytes)
1774008797.774988 sending message 105 to peer 0x600001e840d0 (76 bytes)
1774008797.774992 sending message 105 to peer 0x600001e840d0 (26 bytes)
1774008797.774997 sending message 105 to peer 0x600001e840d0 (8 bytes)
1774008797.775002 sending message 105 to peer 0x600001e840d0 (523 bytes)
1774008797.775007 sending message 105 to peer 0x600001e840d0 (28 bytes)
1774008797.775012 sending message 105 to peer 0x600001e840d0 (21 bytes)
1774008797.775017 sending message 105 to peer 0x600001e840d0 (34 bytes)
1774008797.775021 sending message 105 to peer 0x600001e840d0 (63 bytes)
1774008797.775026 sending message 105 to peer 0x600001e840d0 (20 bytes)
1774008797.775030 sending message 105 to peer 0x600001e840d0 (10 bytes)
1774008797.775035 sending message 105 to peer 0x600001e840d0 (47 bytes)
1774008797.775043 sending message 105 to peer 0x600001e840d0 (23 bytes)
1774008797.775049 sending message 105 to peer 0x600001e840d0 (47 bytes)
1774008797.775053 sending message 105 to peer 0x600001e840d0 (75 bytes)
1774008797.775058 sending message 105 to peer 0x600001e840d0 (194 bytes)
1774008797.775063 sending message 105 to peer 0x600001e840d0 (66 bytes)
1774008797.775067 sending message 105 to peer 0x600001e840d0 (27 bytes)
1774008797.775072 sending message 105 to peer 0x600001e840d0 (20 bytes)
1774008797.775077 sending message 105 to peer 0x600001e840d0 (24 bytes)
1774008797.775081 sending message 105 to peer 0x600001e840d0 (52 bytes)
1774008797.775086 sending message 105 to peer 0x600001e840d0 (14 bytes)
1774008797.775091 sending message 105 to peer 0x600001e840d0 (39 bytes)
1774008797.775096 sending message 105 to peer 0x600001e840d0 (36 bytes)
1774008797.775100 sending message 105 to peer 0x600001e840d0 (41 bytes)
1774008797.775105 sending message 105 to peer 0x600001e840d0 (120 bytes)
1774008797.775110 sending message 105 to peer 0x600001e840d0 (159 bytes)
1774008797.775115 sending message 105 to peer 0x600001e840d0 (12 bytes)
1774008797.775119 sending message 105 to peer 0x600001e840d0 (19 bytes)
1774008797.775124 sending message 105 to peer 0x600001e840d0 (34 bytes)
1774008797.775129 sending message 105 to peer 0x600001e840d0 (153 bytes)
1774008797.775133 sending message 105 to peer 0x600001e840d0 (18 bytes)
1774008797.775138 sending message 105 to peer 0x600001e840d0 (24 bytes)
1774008797.775143 sending message 105 to peer 0x600001e840d0 (24 bytes)
1774008797.775148 sending message 105 to peer 0x600001e840d0 (730 bytes)
1774008797.775153 sending message 105 to peer 0x600001e840d0 (105 bytes)
1774008797.775158 sending message 105 to peer 0x600001e840d0 (17 bytes)
1774008797.775163 sending message 105 to peer 0x600001e840d0 (68 bytes)
1774008797.775167 sending message 105 to peer 0x600001e840d0 (26 bytes)
1774008797.775172 sending message 105 to peer 0x600001e840d0 (13 bytes)
1774008797.775177 sending message 105 to peer 0x600001e840d0 (12 bytes)
1774008797.775181 sending message 105 to peer 0x600001e840d0 (22 bytes)
1774008797.775186 sending message 105 to peer 0x600001e840d0 (17 bytes)
1774008797.775191 sending message 105 to peer 0x600001e840d0 (36 bytes)
1774008797.775196 sending message 106 to peer 0x600001e840d0 (0 bytes)
1774008797.775284 sending message 200 to peer 0x600001e840d0 (4 bytes)
1774008797.775294 client loop enter
1774008797.775640 peer 0x600001e840d0 message 303
1774008797.775665 open write file 2 -
1774008797.775743 sending message 305 to peer 0x600001e840d0 (8 bytes)
1774008797.775788 write check file 2
1774008797.775845 peer 0x600001e840d0 message 304
1774008797.775858 write 58 to file 2
1774008797.775878 peer 0x600001e840d0 message 203
1774008797.775886 file 2 58 bytes left
1774008797.775910 write check file 2
1774008797.775919 client loop exit
